demo/build/outputs/logs/manifest-merger-debug-report.txt
-- Merging decision tree log ---
manifest
ADDED from Chat2Piao\demo\AndroidManifest.xml:2:1-215:12
INJECTED from Chat2Piao\demo\AndroidManifest.xml:2:1-215:12
INJECTED from Chat2Piao\demo\AndroidManifest.xml:2:1-215:12
INJECTED from Chat2Piao\demo\AndroidManifest.xml:2:1-215:12
INJECTED from Chat2Piao\demo\AndroidManifest.xml:2:1-215:12
INJECTED from Chat2Piao\demo\AndroidManifest.xml:2:1-215:12
INJECTED from Chat2Piao\demo\AndroidManifest.xml:2:1-215:12
	package
		ADDED from Chat2Piao\demo\AndroidManifest.xml:2:70-92
		INJECTED from Chat2Piao\demo\AndroidManifest.xml
		INJECTED from Chat2Piao\demo\AndroidManifest.xml
	android:versionName
		ADDED from Chat2Piao\demo\AndroidManifest.xml:3:29-56
		INJECTED from Chat2Piao\demo\AndroidManifest.xml
		INJECTED from Chat2Piao\demo\AndroidManifest.xml
	xmlns:android
		ADDED from Chat2Piao\demo\AndroidManifest.xml:2:11-69
	android:versionCode
		ADDED from Chat2Piao\demo\AndroidManifest.xml:3:5-28
		INJECTED from Chat2Piao\demo\AndroidManifest.xml
		INJECTED from Chat2Piao\demo\AndroidManifest.xml
permission#im.sdk.debug.permission.JPUSH_MESSAGE
ADDED from Chat2Piao\demo\AndroidManifest.xml:5:5-6:47
	android:protectionLevel
		ADDED from Chat2Piao\demo\AndroidManifest.xml:6:9-44
	android:name
		ADDED from Chat2Piao\demo\AndroidManifest.xml:5:17-69
uses-permission#im.sdk.debug.permission.JPUSH_MESSAGE
ADDED from Chat2Piao\demo\AndroidManifest.xml:9:5-77
	android:name
		ADDED from Chat2Piao\demo\AndroidManifest.xml:9:22-74
uses-permission#android.permission.RECEIVE_USER_PRESENT
ADDED from Chat2Piao\demo\AndroidManifest.xml:10:5-79
	android:name
		ADDED from Chat2Piao\demo\AndroidManifest.xml:10:22-76
uses-permission#android.permission.INTERNET
ADDED from Chat2Piao\demo\AndroidManifest.xml:11:5-67
	android:name
		ADDED from Chat2Piao\demo\AndroidManifest.xml:11:22-64
uses-permission#android.permission.WAKE_LOCK
ADDED from Chat2Piao\demo\AndroidManifest.xml:12:5-68
	android:name
		ADDED from Chat2Piao\demo\AndroidManifest.xml:12:22-65
uses-permission#android.permission.READ_PHONE_STATE
ADDED from Chat2Piao\demo\AndroidManifest.xml:13:5-75
	android:name
		ADDED from Chat2Piao\demo\AndroidManifest.xml:13:22-72
uses-permission#android.permission.WRITE_EXTERNAL_STORAGE
ADDED from Chat2Piao\demo\AndroidManifest.xml:14:5-81
	android:name
		ADDED from Chat2Piao\demo\AndroidManifest.xml:14:22-78
uses-permission#android.permission.READ_EXTERNAL_STORAGE
ADDED from Chat2Piao\demo\AndroidManifest.xml:15:5-80
	android:name
		ADDED from Chat2Piao\demo\AndroidManifest.xml:15:22-77
uses-permission#android.permission.VIBRATE
ADDED from Chat2Piao\demo\AndroidManifest.xml:16:5-66
	android:name
		ADDED from Chat2Piao\demo\AndroidManifest.xml:16:22-63
uses-permission#android.permission.MOUNT_UNMOUNT_FILESYSTEMS
ADDED from Chat2Piao\demo\AndroidManifest.xml:17:5-84
	android:name
		ADDED from Chat2Piao\demo\AndroidManifest.xml:17:22-81
uses-permission#android.permission.ACCESS_NETWORK_STATE
ADDED from Chat2Piao\demo\AndroidManifest.xml:18:5-79
	android:name
		ADDED from Chat2Piao\demo\AndroidManifest.xml:18:22-76
uses-permission#android.permission.WRITE_SETTINGS
ADDED from Chat2Piao\demo\AndroidManifest.xml:19:5-73
	android:name
		ADDED from Chat2Piao\demo\AndroidManifest.xml:19:22-70
uses-permission#android.permission.ACCESS_WIFI_STATE
ADDED from Chat2Piao\demo\AndroidManifest.xml:20:5-76
	android:name
		ADDED from Chat2Piao\demo\AndroidManifest.xml:20:22-73
uses-permission#android.permission.RECORD_AUDIO
ADDED from Chat2Piao\demo\AndroidManifest.xml:23:5-71
	android:name
		ADDED from Chat2Piao\demo\AndroidManifest.xml:23:22-68
uses-permission#android.permission.CAMERA
ADDED from Chat2Piao\demo\AndroidManifest.xml:24:5-65
	android:name
		ADDED from Chat2Piao\demo\AndroidManifest.xml:24:22-62
uses-permission#android.permission.MODIFY_AUDIO_SETTINGS
ADDED from Chat2Piao\demo\AndroidManifest.xml:25:5-80
	android:name
		ADDED from Chat2Piao\demo\AndroidManifest.xml:25:22-77
uses-permission#android.permission.SYSTEM_ALERT_WINDOW
ADDED from Chat2Piao\demo\AndroidManifest.xml:28:5-78
	android:name
		ADDED from Chat2Piao\demo\AndroidManifest.xml:28:22-75
uses-permission#android.permission.ACCESS_COARSE_LOCATION
ADDED from Chat2Piao\demo\AndroidManifest.xml:29:5-81
	android:name
		ADDED from Chat2Piao\demo\AndroidManifest.xml:29:22-78
uses-permission#android.permission.ACCESS_FINE_LOCATION
ADDED from Chat2Piao\demo\AndroidManifest.xml:30:5-79
	android:name
		ADDED from Chat2Piao\demo\AndroidManifest.xml:30:22-76
uses-permission#android.permission.ACCESS_LOCATION_EXTRA_COMMANDS
ADDED from Chat2Piao\demo\AndroidManifest.xml:31:5-89
	android:name
		ADDED from Chat2Piao\demo\AndroidManifest.xml:31:22-86
uses-permission#android.permission.CHANGE_WIFI_STATE
ADDED from Chat2Piao\demo\AndroidManifest.xml:32:5-76
	android:name
		ADDED from Chat2Piao\demo\AndroidManifest.xml:32:22-73
uses-permission#android.permission.CHANGE_NETWORK_STATE
ADDED from Chat2Piao\demo\AndroidManifest.xml:33:5-79
	android:name
		ADDED from Chat2Piao\demo\AndroidManifest.xml:33:22-76
uses-permission#android.permission.GET_TASKS
ADDED from Chat2Piao\demo\AndroidManifest.xml:34:5-68
	android:name
		ADDED from Chat2Piao\demo\AndroidManifest.xml:34:22-65
application
ADDED from Chat2Piao\demo\AndroidManifest.xml:36:5-213:19
	android:label
		ADDED from Chat2Piao\demo\AndroidManifest.xml:38:9-41
	android:icon
		ADDED from Chat2Piao\demo\AndroidManifest.xml:37:9-43
service#cn.jpush.android.service.PushService
ADDED from Chat2Piao\demo\AndroidManifest.xml:42:9-53:19
	android:process
		ADDED from Chat2Piao\demo\AndroidManifest.xml:45:38-65
	android:enabled
		ADDED from Chat2Piao\demo\AndroidManifest.xml:44:13-35
	android:exported
		ADDED from Chat2Piao\demo\AndroidManifest.xml:45:13-37
	android:name
		ADDED from Chat2Piao\demo\AndroidManifest.xml:43:13-64
intent-filter#action:name:cn.jpush.android.intent.PUSH_TIME+action:name:cn.jpush.android.intent.PushService+action:name:cn.jpush.android.intent.REGISTER+action:name:cn.jpush.android.intent.REPORT
ADDED from Chat2Piao\demo\AndroidManifest.xml:46:13-52:29
action#cn.jpush.android.intent.REGISTER
ADDED from Chat2Piao\demo\AndroidManifest.xml:47:17-75
	android:name
		ADDED from Chat2Piao\demo\AndroidManifest.xml:47:25-72
action#cn.jpush.android.intent.REPORT
ADDED from Chat2Piao\demo\AndroidManifest.xml:48:17-73
	android:name
		ADDED from Chat2Piao\demo\AndroidManifest.xml:48:25-70
action#cn.jpush.android.intent.PushService
ADDED from Chat2Piao\demo\AndroidManifest.xml:49:17-78
	android:name
		ADDED from Chat2Piao\demo\AndroidManifest.xml:49:25-75
action#cn.jpush.android.intent.PUSH_TIME
ADDED from Chat2Piao\demo\AndroidManifest.xml:50:17-76
	android:name
		ADDED from Chat2Piao\demo\AndroidManifest.xml:50:25-73
receiver#cn.jpush.android.service.PushReceiver
ADDED from Chat2Piao\demo\AndroidManifest.xml:56:9-75:20
	android:enabled
		ADDED from Chat2Piao\demo\AndroidManifest.xml:58:13-35
	android:exported
		ADDED from Chat2Piao\demo\AndroidManifest.xml:58:36-60
	android:name
		ADDED from Chat2Piao\demo\AndroidManifest.xml:57:13-65
intent-filter#action:name:cn.jpush.android.intent.NOTIFICATION_RECEIVED_PROXY+category:name:im.sdk.debug
ADDED from Chat2Piao\demo\AndroidManifest.xml:59:13-63:29
	android:priority
		ADDED from Chat2Piao\demo\AndroidManifest.xml:59:28-51
action#cn.jpush.android.intent.NOTIFICATION_RECEIVED_PROXY
ADDED from Chat2Piao\demo\AndroidManifest.xml:60:17-94
	android:name
		ADDED from Chat2Piao\demo\AndroidManifest.xml:60:25-91
category#im.sdk.debug
ADDED from Chat2Piao\demo\AndroidManifest.xml:62:17-57
	android:name
		ADDED from Chat2Piao\demo\AndroidManifest.xml:62:27-54
intent-filter#action:name:android.intent.action.USER_PRESENT+action:name:android.net.conn.CONNECTIVITY_CHANGE
ADDED from Chat2Piao\demo\AndroidManifest.xml:64:13-67:29
action#android.intent.action.USER_PRESENT
ADDED from Chat2Piao\demo\AndroidManifest.xml:65:17-77
	android:name
		ADDED from Chat2Piao\demo\AndroidManifest.xml:65:25-74
action#android.net.conn.CONNECTIVITY_CHANGE
ADDED from Chat2Piao\demo\AndroidManifest.xml:66:17-79
	android:name
		ADDED from Chat2Piao\demo\AndroidManifest.xml:66:25-76
intent-filter#action:name:android.intent.action.PACKAGE_ADDED+action:name:android.intent.action.PACKAGE_REMOVED+data:scheme:package
ADDED from Chat2Piao\demo\AndroidManifest.xml:69:13-74:29
action#android.intent.action.PACKAGE_ADDED
ADDED from Chat2Piao\demo\AndroidManifest.xml:70:17-78
	android:name
		ADDED from Chat2Piao\demo\AndroidManifest.xml:70:25-75
action#android.intent.action.PACKAGE_REMOVED
ADDED from Chat2Piao\demo\AndroidManifest.xml:71:17-80
	android:name
		ADDED from Chat2Piao\demo\AndroidManifest.xml:71:25-77
data
ADDED from Chat2Piao\demo\AndroidManifest.xml:73:17-50
	android:scheme
		ADDED from Chat2Piao\demo\AndroidManifest.xml:73:23-47
receiver#cn.jpush.im.android.helpers.IMReceiver
ADDED from Chat2Piao\demo\AndroidManifest.xml:78:9-81:39
	android:enabled
		ADDED from Chat2Piao\demo\AndroidManifest.xml:80:13-35
	android:exported
		ADDED from Chat2Piao\demo\AndroidManifest.xml:81:13-37
	android:name
		ADDED from Chat2Piao\demo\AndroidManifest.xml:79:13-66
receiver#cn.jpush.android.service.AlarmReceiver
ADDED from Chat2Piao\demo\AndroidManifest.xml:84:9-86:40
	android:exported
		ADDED from Chat2Piao\demo\AndroidManifest.xml:86:13-37
	android:name
		ADDED from Chat2Piao\demo\AndroidManifest.xml:85:13-66
provider#cn.jpush.android.service.DataProvider
ADDED from Chat2Piao\demo\AndroidManifest.xml:90:9-93:40
	android:authorities
		ADDED from Chat2Piao\demo\AndroidManifest.xml:92:13-60
	android:exported
		ADDED from Chat2Piao\demo\AndroidManifest.xml:93:13-37
	android:name
		ADDED from Chat2Piao\demo\AndroidManifest.xml:91:13-65
service#cn.jpush.android.service.DaemonService
ADDED from Chat2Piao\demo\AndroidManifest.xml:97:9-105:19
	android:enabled
		ADDED from Chat2Piao\demo\AndroidManifest.xml:99:13-35
	android:exported
		ADDED from Chat2Piao\demo\AndroidManifest.xml:100:13-36
	android:name
		ADDED from Chat2Piao\demo\AndroidManifest.xml:98:13-66
intent-filter#action:name:cn.jpush.android.intent.DaemonService+category:name:im.sdk.debug
ADDED from Chat2Piao\demo\AndroidManifest.xml:101:13-104:29
action#cn.jpush.android.intent.DaemonService
ADDED from Chat2Piao\demo\AndroidManifest.xml:102:17-80
	android:name
		ADDED from Chat2Piao\demo\AndroidManifest.xml:102:25-77
provider#cn.jpush.im.android.helpers.ipc.IMProvider
ADDED from Chat2Piao\demo\AndroidManifest.xml:108:9-111:40
	android:authorities
		ADDED from Chat2Piao\demo\AndroidManifest.xml:110:13-58
	android:exported
		ADDED from Chat2Piao\demo\AndroidManifest.xml:111:13-37
	android:name
		ADDED from Chat2Piao\demo\AndroidManifest.xml:109:13-70
meta-data#JPUSH_CHANNEL
ADDED from Chat2Piao\demo\AndroidManifest.xml:119:9-121:49
	android:value
		ADDED from Chat2Piao\demo\AndroidManifest.xml:121:13-46
	android:name
		ADDED from Chat2Piao\demo\AndroidManifest.xml:120:13-41
meta-data#JPUSH_APPKEY
ADDED from Chat2Piao\demo\AndroidManifest.xml:123:9-125:56
	android:value
		ADDED from Chat2Piao\demo\AndroidManifest.xml:125:13-53
	android:name
		ADDED from Chat2Piao\demo\AndroidManifest.xml:124:13-40
activity#im.sdk.debug.activity.RegisterAndLoginActivity
ADDED from Chat2Piao\demo\AndroidManifest.xml:127:9-135:20
	android:launchMode
		ADDED from Chat2Piao\demo\AndroidManifest.xml:129:13-44
	android:name
		ADDED from Chat2Piao\demo\AndroidManifest.xml:128:13-74
intent-filter#action:name:android.intent.action.MAIN+category:name:android.intent.category.LAUNCHER
ADDED from Chat2Piao\demo\AndroidManifest.xml:130:13-134:29
action#android.intent.action.MAIN
ADDED from Chat2Piao\demo\AndroidManifest.xml:131:17-69
	android:name
		ADDED from Chat2Piao\demo\AndroidManifest.xml:131:25-66
category#android.intent.category.LAUNCHER
ADDED from Chat2Piao\demo\AndroidManifest.xml:133:17-77
	android:name
		ADDED from Chat2Piao\demo\AndroidManifest.xml:133:27-74
activity#im.sdk.debug.activity.setting.RegisterActivity
ADDED from Chat2Piao\demo\AndroidManifest.xml:136:9-83
	android:name
		ADDED from Chat2Piao\demo\AndroidManifest.xml:136:19-80
activity#im.sdk.debug.activity.setting.SettingMainActivity
ADDED from Chat2Piao\demo\AndroidManifest.xml:137:9-86
	android:name
		ADDED from Chat2Piao\demo\AndroidManifest.xml:137:19-83
activity#im.sdk.debug.activity.TypeActivity
ADDED from Chat2Piao\demo\AndroidManifest.xml:138:9-140:47
	android:launchMode
		ADDED from Chat2Piao\demo\AndroidManifest.xml:140:13-44
	android:name
		ADDED from Chat2Piao\demo\AndroidManifest.xml:139:13-62
activity#im.sdk.debug.activity.setting.InfoActivity
ADDED from Chat2Piao\demo\AndroidManifest.xml:141:9-79
	android:name
		ADDED from Chat2Piao\demo\AndroidManifest.xml:141:19-76
activity#im.sdk.debug.activity.setting.AssertEqualsActivity
ADDED from Chat2Piao\demo\AndroidManifest.xml:142:9-87
	android:name
		ADDED from Chat2Piao\demo\AndroidManifest.xml:142:19-84
activity#im.sdk.debug.activity.setting.GetUserInfoActivity
ADDED from Chat2Piao\demo\AndroidManifest.xml:143:9-86
	android:name
		ADDED from Chat2Piao\demo\AndroidManifest.xml:143:19-83
activity#im.sdk.debug.activity.setting.UpdatePassword
ADDED from Chat2Piao\demo\AndroidManifest.xml:144:9-81
	android:name
		ADDED from Chat2Piao\demo\AndroidManifest.xml:144:19-78
activity#im.sdk.debug.activity.setting.UpdateUserInfoActivity
ADDED from Chat2Piao\demo\AndroidManifest.xml:145:9-89
	android:name
		ADDED from Chat2Piao\demo\AndroidManifest.xml:145:19-86
activity#im.sdk.debug.activity.createmessage.CreateMessageActivity
ADDED from Chat2Piao\demo\AndroidManifest.xml:146:9-94
	android:name
		ADDED from Chat2Piao\demo\AndroidManifest.xml:146:19-91
activity#im.sdk.debug.activity.createmessage.CreateSigTextMessageActivity
ADDED from Chat2Piao\demo\AndroidManifest.xml:147:9-101
	android:name
		ADDED from Chat2Piao\demo\AndroidManifest.xml:147:19-98
activity#im.sdk.debug.activity.groupinfo.GroupInfoActivity
ADDED from Chat2Piao\demo\AndroidManifest.xml:148:9-86
	android:name
		ADDED from Chat2Piao\demo\AndroidManifest.xml:148:19-83
activity#im.sdk.debug.activity.groupinfo.CreateGroupActivity
ADDED from Chat2Piao\demo\AndroidManifest.xml:149:9-88
	android:name
		ADDED from Chat2Piao\demo\AndroidManifest.xml:149:19-85
activity#im.sdk.debug.activity.groupinfo.GetGroupInfoActivity
ADDED from Chat2Piao\demo\AndroidManifest.xml:150:9-89
	android:name
		ADDED from Chat2Piao\demo\AndroidManifest.xml:150:19-86
activity#im.sdk.debug.activity.conversation.ConversationActivity
ADDED from Chat2Piao\demo\AndroidManifest.xml:151:9-92
	android:name
		ADDED from Chat2Piao\demo\AndroidManifest.xml:151:19-89
activity#im.sdk.debug.activity.groupinfo.AddRemoveGroupMemberActivity
ADDED from Chat2Piao\demo\AndroidManifest.xml:152:9-97
	android:name
		ADDED from Chat2Piao\demo\AndroidManifest.xml:152:19-94
activity#im.sdk.debug.activity.groupinfo.UpdateGroupInfoActivity
ADDED from Chat2Piao\demo\AndroidManifest.xml:153:9-92
	android:name
		ADDED from Chat2Piao\demo\AndroidManifest.xml:153:19-89
activity#im.sdk.debug.activity.groupinfo.ExitGroupActivity
ADDED from Chat2Piao\demo\AndroidManifest.xml:154:9-86
	android:name
		ADDED from Chat2Piao\demo\AndroidManifest.xml:154:19-83
activity#im.sdk.debug.activity.groupinfo.GetLocalGroupMembersActivity
ADDED from Chat2Piao\demo\AndroidManifest.xml:155:9-97
	android:name
		ADDED from Chat2Piao\demo\AndroidManifest.xml:155:19-94
activity#im.sdk.debug.activity.createmessage.CreateGroupTextMsgActivity
ADDED from Chat2Piao\demo\AndroidManifest.xml:156:9-99
	android:name
		ADDED from Chat2Piao\demo\AndroidManifest.xml:156:19-96
activity#im.sdk.debug.activity.createmessage.CreateSigCustomMsgActivity
ADDED from Chat2Piao\demo\AndroidManifest.xml:157:9-99
	android:name
		ADDED from Chat2Piao\demo\AndroidManifest.xml:157:19-96
activity#im.sdk.debug.activity.createmessage.CreateSigImageMessageActivity
ADDED from Chat2Piao\demo\AndroidManifest.xml:158:9-102
	android:name
		ADDED from Chat2Piao\demo\AndroidManifest.xml:158:19-99
activity#im.sdk.debug.activity.createmessage.ShowMessageActivity
ADDED from Chat2Piao\demo\AndroidManifest.xml:159:9-92
	android:name
		ADDED from Chat2Piao\demo\AndroidManifest.xml:159:19-89
activity#im.sdk.debug.activity.createmessage.CreateGroupImageMsgActivity
ADDED from Chat2Piao\demo\AndroidManifest.xml:160:9-100
	android:name
		ADDED from Chat2Piao\demo\AndroidManifest.xml:160:19-97
activity#im.sdk.debug.activity.createmessage.CreateSigVoiceMsgActivity
ADDED from Chat2Piao\demo\AndroidManifest.xml:161:9-98
	android:name
		ADDED from Chat2Piao\demo\AndroidManifest.xml:161:19-95
activity#im.sdk.debug.activity.createmessage.CreateGroupCustomMsgActivity
ADDED from Chat2Piao\demo\AndroidManifest.xml:162:9-101
	android:name
		ADDED from Chat2Piao\demo\AndroidManifest.xml:162:19-98
activity#im.sdk.debug.activity.createmessage.CreateGroupVoiceMsgActivity
ADDED from Chat2Piao\demo\AndroidManifest.xml:163:9-100
	android:name
		ADDED from Chat2Piao\demo\AndroidManifest.xml:163:19-97
activity#im.sdk.debug.activity.notify.NotifyTypeActivity
ADDED from Chat2Piao\demo\AndroidManifest.xml:164:9-84
	android:name
		ADDED from Chat2Piao\demo\AndroidManifest.xml:164:19-81
activity#im.sdk.debug.activity.setting.GetBlackListActivity
ADDED from Chat2Piao\demo\AndroidManifest.xml:165:9-87
	android:name
		ADDED from Chat2Piao\demo\AndroidManifest.xml:165:19-84
activity#im.sdk.debug.activity.setting.AddRemoveBlackListActivity
ADDED from Chat2Piao\demo\AndroidManifest.xml:166:9-93
	android:name
		ADDED from Chat2Piao\demo\AndroidManifest.xml:166:19-90
activity#im.sdk.debug.activity.setting.UpdateUserAvatar
ADDED from Chat2Piao\demo\AndroidManifest.xml:167:9-83
	android:name
		ADDED from Chat2Piao\demo\AndroidManifest.xml:167:19-80
activity#im.sdk.debug.activity.setting.UpdateUserExtras
ADDED from Chat2Piao\demo\AndroidManifest.xml:168:9-83
	android:name
		ADDED from Chat2Piao\demo\AndroidManifest.xml:168:19-80
activity#im.sdk.debug.activity.messagecontent.SetGetStringExtraActivity
ADDED from Chat2Piao\demo\AndroidManifest.xml:169:9-99
	android:name
		ADDED from Chat2Piao\demo\AndroidManifest.xml:169:19-96
activity#im.sdk.debug.activity.messagecontent.SetGetNumberExtraActivity
ADDED from Chat2Piao\demo\AndroidManifest.xml:170:9-99
	android:name
		ADDED from Chat2Piao\demo\AndroidManifest.xml:170:19-96
activity#im.sdk.debug.activity.messagecontent.SetGetBooleanExtraActivity
ADDED from Chat2Piao\demo\AndroidManifest.xml:171:9-100
	android:name
		ADDED from Chat2Piao\demo\AndroidManifest.xml:171:19-97
activity#im.sdk.debug.activity.messagecontent.SetGetExtraActivity
ADDED from Chat2Piao\demo\AndroidManifest.xml:172:9-93
	android:name
		ADDED from Chat2Piao\demo\AndroidManifest.xml:172:19-90
activity#im.sdk.debug.activity.conversation.GetConversationInfoActivity
ADDED from Chat2Piao\demo\AndroidManifest.xml:173:9-99
	android:name
		ADDED from Chat2Piao\demo\AndroidManifest.xml:173:19-96
activity#im.sdk.debug.activity.conversation.OrderMessageActivity
ADDED from Chat2Piao\demo\AndroidManifest.xml:174:9-92
	android:name
		ADDED from Chat2Piao\demo\AndroidManifest.xml:174:19-89
activity#im.sdk.debug.activity.conversation.IsShowNotifySigActivity
ADDED from Chat2Piao\demo\AndroidManifest.xml:175:9-95
	android:name
		ADDED from Chat2Piao\demo\AndroidManifest.xml:175:19-92
activity#im.sdk.debug.activity.conversation.DeleteConversationActivity
ADDED from Chat2Piao\demo\AndroidManifest.xml:176:9-98
	android:name
		ADDED from Chat2Piao\demo\AndroidManifest.xml:176:19-95
activity#im.sdk.debug.activity.setting.NoDisturbListActivity
ADDED from Chat2Piao\demo\AndroidManifest.xml:177:9-88
	android:name
		ADDED from Chat2Piao\demo\AndroidManifest.xml:177:19-85
activity#im.sdk.debug.activity.setting.ShowLogoutReasonActivity
ADDED from Chat2Piao\demo\AndroidManifest.xml:178:9-91
	android:name
		ADDED from Chat2Piao\demo\AndroidManifest.xml:178:19-88
activity#im.sdk.debug.activity.createmessage.CreateSendFileActivity
ADDED from Chat2Piao\demo\AndroidManifest.xml:179:9-95
	android:name
		ADDED from Chat2Piao\demo\AndroidManifest.xml:179:19-92
activity#im.sdk.debug.activity.friend.FriendContactManager
ADDED from Chat2Piao\demo\AndroidManifest.xml:180:9-86
	android:name
		ADDED from Chat2Piao\demo\AndroidManifest.xml:180:19-83
activity#im.sdk.debug.activity.friend.AddFriendActivity
ADDED from Chat2Piao\demo\AndroidManifest.xml:181:9-83
	android:name
		ADDED from Chat2Piao\demo\AndroidManifest.xml:181:19-80
activity#im.sdk.debug.activity.friend.ShowFriendReasonActivity
ADDED from Chat2Piao\demo\AndroidManifest.xml:182:9-90
	android:name
		ADDED from Chat2Piao\demo\AndroidManifest.xml:182:19-87
activity#im.sdk.debug.activity.createmessage.CreateLocationMessageActivity
ADDED from Chat2Piao\demo\AndroidManifest.xml:183:9-102
	android:name
		ADDED from Chat2Piao\demo\AndroidManifest.xml:183:19-99
activity#im.sdk.debug.activity.groupinfo.BlockedGroupMsgActivity
ADDED from Chat2Piao\demo\AndroidManifest.xml:184:9-92
	android:name
		ADDED from Chat2Piao\demo\AndroidManifest.xml:184:19-89
activity#im.sdk.debug.activity.showinfo.ShowMyInfoUpdateActivity
ADDED from Chat2Piao\demo\AndroidManifest.xml:185:9-92
	android:name
		ADDED from Chat2Piao\demo\AndroidManifest.xml:185:19-89
activity#im.sdk.debug.activity.conversation.RetractMessageActivity
ADDED from Chat2Piao\demo\AndroidManifest.xml:186:9-94
	android:name
		ADDED from Chat2Piao\demo\AndroidManifest.xml:186:19-91
activity#im.sdk.debug.activity.conversation.ForwardMessageActivity
ADDED from Chat2Piao\demo\AndroidManifest.xml:187:9-94
	android:name
		ADDED from Chat2Piao\demo\AndroidManifest.xml:187:19-91
activity#im.sdk.debug.activity.conversation.MessageReceiptActivity
ADDED from Chat2Piao\demo\AndroidManifest.xml:188:9-94
	android:name
		ADDED from Chat2Piao\demo\AndroidManifest.xml:188:19-91
activity#im.sdk.debug.activity.createmessage.CreateTransCommandActivity
ADDED from Chat2Piao\demo\AndroidManifest.xml:189:9-99
	android:name
		ADDED from Chat2Piao\demo\AndroidManifest.xml:189:19-96
activity#im.sdk.debug.activity.createmessage.ShowTransCommandActivity
ADDED from Chat2Piao\demo\AndroidManifest.xml:190:9-97
	android:name
		ADDED from Chat2Piao\demo\AndroidManifest.xml:190:19-94
activity#im.sdk.debug.activity.chatroom.ChatRoomActivity
ADDED from Chat2Piao\demo\AndroidManifest.xml:191:9-84
	android:name
		ADDED from Chat2Piao\demo\AndroidManifest.xml:191:19-81
activity#im.sdk.debug.activity.groupinfo.ApplyJoinGroupActivity
ADDED from Chat2Piao\demo\AndroidManifest.xml:192:9-91
	android:name
		ADDED from Chat2Piao\demo\AndroidManifest.xml:192:19-88
activity#im.sdk.debug.activity.groupinfo.ShowGroupApprovalActivity
ADDED from Chat2Piao\demo\AndroidManifest.xml:193:9-94
	android:name
		ADDED from Chat2Piao\demo\AndroidManifest.xml:193:19-91
activity#im.sdk.debug.activity.groupinfo.SetGroupMemSilenceActivity
ADDED from Chat2Piao\demo\AndroidManifest.xml:194:9-95
	android:name
		ADDED from Chat2Piao\demo\AndroidManifest.xml:194:19-92
activity#im.sdk.debug.activity.groupinfo.GetPublicGroupInfosActivity
ADDED from Chat2Piao\demo\AndroidManifest.xml:195:9-96
	android:name
		ADDED from Chat2Piao\demo\AndroidManifest.xml:195:19-93
activity#im.sdk.debug.activity.groupinfo.GroupKeeperActivity
ADDED from Chat2Piao\demo\AndroidManifest.xml:196:9-88
	android:name
		ADDED from Chat2Piao\demo\AndroidManifest.xml:196:19-85
activity#im.sdk.debug.activity.groupinfo.DissolveGroupActivity
ADDED from Chat2Piao\demo\AndroidManifest.xml:197:9-90
	android:name
		ADDED from Chat2Piao\demo\AndroidManifest.xml:197:19-87
activity#im.sdk.debug.activity.groupinfo.ChangeGroupAdminActivity
ADDED from Chat2Piao\demo\AndroidManifest.xml:198:9-93
	android:name
		ADDED from Chat2Piao\demo\AndroidManifest.xml:198:19-90
activity#im.sdk.debug.activity.jmrtc.JMRTCActivity
ADDED from Chat2Piao\demo\AndroidManifest.xml:199:9-77
	android:name
		ADDED from Chat2Piao\demo\AndroidManifest.xml:199:19-75
activity#im.sdk.debug.activity.createmessage.CreateVideoMsgActivity
ADDED from Chat2Piao\demo\AndroidManifest.xml:200:9-95
	android:name
		ADDED from Chat2Piao\demo\AndroidManifest.xml:200:19-92
activity#im.sdk.debug.activity.groupinfo.HandleGroupApprovalInBatchActivity
ADDED from Chat2Piao\demo\AndroidManifest.xml:201:9-103
	android:name
		ADDED from Chat2Piao\demo\AndroidManifest.xml:201:19-100
activity#im.sdk.debug.activity.groupinfo.GroupMemNicknameActivity
ADDED from Chat2Piao\demo\AndroidManifest.xml:202:9-93
	android:name
		ADDED from Chat2Piao\demo\AndroidManifest.xml:202:19-90
activity#im.sdk.debug.activity.groupinfo.ShowMemNicknameChangedActivity
ADDED from Chat2Piao\demo\AndroidManifest.xml:203:9-99
	android:name
		ADDED from Chat2Piao\demo\AndroidManifest.xml:203:19-96
activity#im.sdk.debug.activity.groupinfo.GroupAnnouncementActivity
ADDED from Chat2Piao\demo\AndroidManifest.xml:204:9-94
	android:name
		ADDED from Chat2Piao\demo\AndroidManifest.xml:204:19-91
activity#im.sdk.debug.activity.showinfo.ShowAnnouncementChangedActivity
ADDED from Chat2Piao\demo\AndroidManifest.xml:205:9-207:47
	android:launchMode
		ADDED from Chat2Piao\demo\AndroidManifest.xml:207:13-44
	android:name
		ADDED from Chat2Piao\demo\AndroidManifest.xml:206:13-90
activity#im.sdk.debug.activity.groupinfo.GroupBlackListActivity
ADDED from Chat2Piao\demo\AndroidManifest.xml:208:9-91
	android:name
		ADDED from Chat2Piao\demo\AndroidManifest.xml:208:19-88
activity#im.sdk.debug.activity.showinfo.ShowGroupBlcakListChangedActivity
ADDED from Chat2Piao\demo\AndroidManifest.xml:209:9-211:47
	android:launchMode
		ADDED from Chat2Piao\demo\AndroidManifest.xml:211:13-44
	android:name
		ADDED from Chat2Piao\demo\AndroidManifest.xml:210:13-92
activity#im.sdk.debug.activity.showinfo.ShowChatRoomNotificationActivity
ADDED from Chat2Piao\demo\AndroidManifest.xml:212:9-100
	android:name
		ADDED from Chat2Piao\demo\AndroidManifest.xml:212:19-97
uses-sdk
INJECTED from Chat2Piao\demo\AndroidManifest.xml reason: use-sdk injection requested
INJECTED from Chat2Piao\demo\AndroidManifest.xml
INJECTED from Chat2Piao\demo\AndroidManifest.xml
INJECTED from Chat2Piao\demo\AndroidManifest.xml
INJECTED from Chat2Piao\demo\AndroidManifest.xml
	android:targetSdkVersion
		INJECTED from Chat2Piao\demo\AndroidManifest.xml
		ADDED from Chat2Piao\demo\AndroidManifest.xml
		INJECTED from Chat2Piao\demo\AndroidManifest.xml
	android:minSdkVersion
		INJECTED from Chat2Piao\demo\AndroidManifest.xml
		ADDED from Chat2Piao\demo\AndroidManifest.xml
		INJECTED from Chat2Piao\demo\AndroidManifest.xml